<?xml version="1.0" encoding="UTF-8"?>
<!-- Generated by org.testng.reporters.JUnitReportReporter -->
<testsuite hostname="DESKTOP-CV42A7Q" failures="0" tests="2" name="TestRunner.Run" time="26.408" errors="0" timestamp="2022-06-30T16:46:06 IST" skipped="0">
  <testcase classname="TestRunner.Run" name="runScenario" time="9.279"/>
  <system-out/>
  <testcase classname="TestRunner.Run" name="runScenario" time="17.129"/>
  <system-out/>
</testsuite> <!-- TestRunner.Run -->
